code/DNSCacheTest/proguard/seeds.txt
com.sina.util.dnscache.DNSCacheTestActivityTabMain
com.sina.util.dnscache.DNSCacheTestActivityTabMain: DNSCacheTestActivityTabMain()
com.sina.util.dnscache.DnsCacheApplication
com.sina.util.dnscache.DnsCacheApplication: DnsCacheApplication()
com.sina.util.dnscache.R$drawable: int back
com.sina.util.dnscache.R$drawable: int bar_cache_data_but
com.sina.util.dnscache.R$drawable: int bar_data_graph_but
com.sina.util.dnscache.R$drawable: int bar_simulation_task_but
com.sina.util.dnscache.R$drawable: int bar_task_setting_but
com.sina.util.dnscache.R$drawable: int btn_bg
com.sina.util.dnscache.R$drawable: int btn_bg_selector
com.sina.util.dnscache.R$drawable: int cache_data_normal
com.sina.util.dnscache.R$drawable: int cache_data_selected
com.sina.util.dnscache.R$drawable: int checkbox_btn_selector
com.sina.util.dnscache.R$drawable: int checkbox_off
com.sina.util.dnscache.R$drawable: int checkbox_on
com.sina.util.dnscache.R$drawable: int clear_btn
com.sina.util.dnscache.R$drawable: int clear_btn_normal
com.sina.util.dnscache.R$drawable: int clear_btn_pass
com.sina.util.dnscache.R$drawable: int data_graph_normal
com.sina.util.dnscache.R$drawable: int data_graph_selected
com.sina.util.dnscache.R$drawable: int db_cache_data_clear_btn
com.sina.util.dnscache.R$drawable: int db_cache_data_clear_btn_normal
com.sina.util.dnscache.R$drawable: int db_cache_data_clear_btn_pass
com.sina.util.dnscache.R$drawable: int edit_text_bg_focus
com.sina.util.dnscache.R$drawable: int edit_text_bg_normal
com.sina.util.dnscache.R$drawable: int edit_text_bg_selector
com.sina.util.dnscache.R$drawable: int ic_launcher
com.sina.util.dnscache.R$drawable: int memory_cache_data_clear_btn
com.sina.util.dnscache.R$id: int action_clear
com.sina.util.dnscache.R$id: int action_printf_domain
com.sina.util.dnscache.R$id: int action_printf_ip
com.sina.util.dnscache.R$id: int action_settings
com.sina.util.dnscache.R$id: int all_taskspeed_bi_but
com.sina.util.dnscache.R$id: int all_taskspeed_bi_fast
com.sina.util.dnscache.R$id: int all_taskspeed_bi_slow
com.sina.util.dnscache.R$id: int alltask_expendtime_average
com.sina.util.dnscache.R$id: int alltask_expendtime_but
com.sina.util.dnscache.R$id: int alltask_expendtime_max
com.sina.util.dnscache.R$id: int buttom_bar_group
com.sina.util.dnscache.R$id: int buttom_cache_data
com.sina.util.dnscache.R$id: int buttom_data_graph
com.sina.util.dnscache.R$id: int buttom_simulation_task
com.sina.util.dnscache.R$id: int buttom_task_setting
com.sina.util.dnscache.R$id: int button
com.sina.util.dnscache.R$id: int chart1
com.sina.util.dnscache.R$id: int checkbox_dnspod
com.sina.util.dnscache.R$id: int checkbox_httpdns
com.sina.util.dnscache.R$id: int checkbox_sort
com.sina.util.dnscache.R$id: int clearBtn
com.sina.util.dnscache.R$id: int config_confirm
com.sina.util.dnscache.R$id: int config_reset
com.sina.util.dnscache.R$id: int config_threadpool_concurrent_num
com.sina.util.dnscache.R$id: int config_threadpool_request_num
com.sina.util.dnscache.R$id: int db_cache_data_clear_Btn
com.sina.util.dnscache.R$id: int domainCode
com.sina.util.dnscache.R$id: int domainExpendTime
com.sina.util.dnscache.R$id: int domainImageResult
...
android.support.v4.app.BackStackState
android.support.v4.app.BackStackState: android.os.Parcelable$Creator CREATOR
android.support.v4.app.Fragment$SavedState
android.support.v4.app.Fragment$SavedState: android.os.Parcelable$Creator CREATOR
android.support.v4.app.FragmentActivity: FragmentActivity()
android.support.v4.app.FragmentManagerState
android.support.v4.app.FragmentManagerState: android.os.Parcelable$Creator CREATOR
android.support.v4.app.FragmentState
android.support.v4.app.FragmentState: android.os.Parcelable$Creator CREATOR
android.support.v4.app.FragmentTabHost: void setOnTabChangedListener(android.widget.TabHost$OnTabChangeListener)
android.support.v4.app.FragmentTabHost$SavedState
android.support.v4.app.FragmentTabHost$SavedState: android.os.Parcelable$Creator CREATOR
android.support.v4.content.ModernAsyncTask$Status: android.support.v4.content.ModernAsyncTask$Status[] values()
android.support.v4.content.ModernAsyncTask$Status: android.support.v4.content.ModernAsyncTask$Status valueOf(java.lang.String)
android.support.v4.media.MediaMetadataCompat
android.support.v4.media.MediaMetadataCompat: android.os.Parcelable$Creator CREATOR
android.support.v4.media.RatingCompat
android.support.v4.media.RatingCompat: android.os.Parcelable$Creator CREATOR
android.support.v4.media.session.MediaSessionCompat$Token
android.support.v4.media.session.MediaSessionCompat$Token: android.os.Parcelable$Creator CREATOR
android.support.v4.media.session.PlaybackStateCompat
android.support.v4.media.session.PlaybackStateCompat: android.os.Parcelable$Creator CREATOR
android.support.v4.view.PagerTabStrip: void setTabIndicatorColor(int)
android.support.v4.view.PagerTabStrip: void setTabIndicatorColorResource(int)
android.support.v4.view.PagerTabStrip: int getTabIndicatorColor()
android.support.v4.view.PagerTabStrip: void setTextSpacing(int)
android.support.v4.view.PagerTabStrip: void setBackgroundDrawable(android.graphics.drawable.Drawable)
android.support.v4.view.PagerTabStrip: void setBackgroundColor(int)
android.support.v4.view.PagerTabStrip: void setBackgroundResource(int)
android.support.v4.view.PagerTabStrip: void setDrawFullUnderline(boolean)
android.support.v4.view.PagerTabStrip: boolean getDrawFullUnderline()
android.support.v4.view.PagerTabStrip: int getMinHeight()
android.support.v4.view.PagerTitleStrip: void setSingleLineAllCaps(android.widget.TextView)
android.support.v4.view.PagerTitleStrip: void setTextSpacing(int)
android.support.v4.view.PagerTitleStrip: int getTextSpacing()
android.support.v4.view.PagerTitleStrip: void setNonPrimaryAlpha(float)
android.support.v4.view.PagerTitleStrip: void setTextColor(int)
android.support.v4.view.PagerTitleStrip: void setGravity(int)
android.support.v4.view.PagerTitleStrip: int getMinHeight()
android.support.v4.view.ViewPager: void setScrollState(int)
android.support.v4.view.ViewPager: void setAdapter(android.support.v4.view.PagerAdapter)
android.support.v4.view.ViewPager: android.support.v4.view.PagerAdapter getAdapter()
android.support.v4.view.ViewPager: void setOnAdapterChangeListener(android.support.v4.view.ViewPager$OnAdapterChangeListener)
android.support.v4.view.ViewPager: int getClientWidth()
android.support.v4.view.ViewPager: void setCurrentItem(int)
android.support.v4.view.ViewPager: int getCurrentItem()
android.support.v4.view.ViewPager: void setOnPageChangeListener(android.support.v4.view.ViewPager$OnPageChangeListener)
android.support.v4.view.ViewPager: void setChildrenDrawingOrderEnabledCompat(boolean)
android.support.v4.view.ViewPager: int getOffscreenPageLimit()
android.support.v4.view.ViewPager: void setOffscreenPageLimit(int)
android.support.v4.view.ViewPager: void setPageMargin(int)
android.support.v4.view.ViewPager: int getPageMargin()
android.support.v4.view.ViewPager: void setPageMarginDrawable(android.graphics.drawable.Drawable)
android.support.v4.view.ViewPager: void setPageMarginDrawable(int)
android.support.v4.view.ViewPager: void setScrollingCacheEnabled(boolean)