code/DNSCacheTest/proguard/usage.txt
com.sina.util.dnscache.AppConfigUtil:
    9:9:public AppConfigUtil()
com.sina.util.dnscache.BuildConfig
com.sina.util.dnscache.DNSCache:
    140:141:private boolean shouldCheckUpdate(java.lang.String)
com.sina.util.dnscache.DNSCacheConfig:
    32:32:public DNSCacheConfig()
    48:49:public static void SetConfigApiUrl(java.lang.String)
com.sina.util.dnscache.R
com.sina.util.dnscache.R$attr
com.sina.util.dnscache.R$drawable
com.sina.util.dnscache.R$id
com.sina.util.dnscache.R$layout
com.sina.util.dnscache.R$menu
com.sina.util.dnscache.R$string
com.sina.util.dnscache.Tools:
    23:23:public Tools()
com.sina.util.dnscache.cache.DBConstants
com.sina.util.dnscache.cache.DNSCacheDatabaseHelper:
    445:446:public void deleteDomainInfo(com.sina.util.dnscache.model.DomainModel)
com.sina.util.dnscache.datagraph.ServerSpeedActivity:
    244:250:public java.lang.String DelimitingCharacter(java.lang.String,java.lang.String,int)
com.sina.util.dnscache.datagraph.ServerSpeedActivity$MyValueFormatter
com.sina.util.dnscache.httpdns.HttpDnsConfig:
    17:17:public HttpDnsConfig()
com.sina.util.dnscache.httpdns.HttpDnsManager$DNSPodCipher:
    141:141:HttpDnsManager$DNSPodCipher()
com.sina.util.dnscache.httpdns.requests.INetworkRequests:
    public abstract java.lang.String requests(java.lang.String,java.util.HashMap)
com.sina.util.dnscache.log.FileUtil:
    20:20:public FileUtil()
    47:47:public static java.lang.String getSDPath()
com.sina.util.dnscache.log.HttpDnsLogManager:
    public static final int TYPE_ERROR
    public static final int TYPE_INFO
    public static final int TYPE_SPEED
    private static final int DEFAULT_MAX_SIZE
    private static final float DEFAULT_FACTOR
    94:94:public synchronized java.io.File getLogFile()
    99:102:public synchronized boolean deleteLogFile()
com.sina.util.dnscache.log.IDnsLog
com.sina.util.dnscache.model.ConnectFailModel
com.sina.util.dnscache.score.IScore:
    public abstract java.lang.String[] ListToArr(java.util.ArrayList)
com.sina.util.dnscache.simulationtask.TaskInfoActivity:
    229:247:public static byte[] readStream(java.io.InputStream)
com.sina.util.dnscache.simulationtask.ThreadPool:
    148:149:public void shutdown()
com.sina.util.dnscache.tasksetting.Config:
    public static final int DEFCONCURRENCYNUM
    public static final int DEFREQUESTSNUM
    8:8:public Config()
com.sina.util.dnscache.tasksetting.SpfConfig:
    30:33:public void putString(java.lang.String,java.lang.String)
    42:45:public void putLong(java.lang.String,long)
    48:48:public java.lang.String getString(java.lang.String,java.lang.String)
    56:56:public long getLong(java.lang.String,long)
com.sina.util.dnscache.tasksetting.TaskSettingFragment:
    private static final java.lang.String TAG_COLON
com.sina.util.dnscache.tasksetting.TaskSettingFragment$CheckBoxDataProcessor:
    1:1:public bridge synthetic void update(int,java.lang.Object)
com.sina.util.dnscache.tasksetting.TaskSettingFragment$EditTextDataProcessor:
    1:1:public bridge synthetic void update(int,java.lang.Object)
com.sina.util.dnscache.tasksetting.TaskSettingFragment$IViewDataUpdate
com.sina.util.dnscache.tasksetting.TaskSettingFragment$SeekBarDataProcessor:
    1:1:public bridge synthetic void update(int,java.lang.Object)
com.sina.util.dnscache.util.FileTools:
    12:12:public FileTools()
com.sina.util.dnscache.util.HttpDnsRecordUtil:
    private static final java.lang.String DNS_LOG_FOLDER
    17:17:public HttpDnsRecordUtil()
    26:51:public static void record(com.sina.util.dnscache.simulationtask.TaskModel)
    57:61:public static java.io.File getRecentlyRecordFile()
    68:72:public static java.io.File[] getRecordFiles()
    93:102:private static java.lang.String generateLogContent(com.sina.util.dnscache.simulationtask.TaskModel)
    112:128:static java.io.File getWrittingFile(java.io.File)
...
android.support.v4.widget.SearchViewCompat$SearchViewCompatHoneycombImpl$1
android.support.v4.widget.SearchViewCompat$SearchViewCompatHoneycombImpl$2
android.support.v4.widget.SearchViewCompat$SearchViewCompatIcsImpl
android.support.v4.widget.SearchViewCompat$SearchViewCompatImpl
android.support.v4.widget.SearchViewCompat$SearchViewCompatStubImpl
android.support.v4.widget.SearchViewCompatHoneycomb
android.support.v4.widget.SearchViewCompatHoneycomb$1
android.support.v4.widget.SearchViewCompatHoneycomb$2
android.support.v4.widget.SearchViewCompatHoneycomb$OnCloseListenerCompatBridge
android.support.v4.widget.SearchViewCompatHoneycomb$OnQueryTextListenerCompatBridge
android.support.v4.widget.SearchViewCompatIcs
android.support.v4.widget.SearchViewCompatIcs$MySearchView
android.support.v4.widget.SimpleCursorAdapter
android.support.v4.widget.SimpleCursorAdapter$CursorToStringConverter
android.support.v4.widget.SimpleCursorAdapter$ViewBinder
android.support.v4.widget.SlidingPaneLayout:
    private static final java.lang.String TAG
    private static final int DEFAULT_OVERHANG_SIZE
    private static final int DEFAULT_FADE_COLOR
    private static final int MIN_FLING_VELOCITY
    250:251:public SlidingPaneLayout(android.content.Context)
    254:255:public SlidingPaneLayout(android.content.Context,android.util.AttributeSet)
    258:272:public SlidingPaneLayout(android.content.Context,android.util.AttributeSet,int)
    333:336:void dispatchOnPanelSlide(android.view.View)
    339:343:void dispatchOnPanelOpened(android.view.View)
    346:350:void dispatchOnPanelClosed(android.view.View)
    879:880:public void smoothSlideOpen()
    897:898:public void smoothSlideClosed()
    926:926:public boolean canSlide()
    940:965:private void onPanelDragged(int)
    1221:1240:protected boolean canScroll(android.view.View,boolean,int,int,int)
    89:89:static synthetic boolean access$100(android.support.v4.widget.SlidingPaneLayout)
    89:89:static synthetic android.support.v4.widget.ViewDragHelper access$200(android.support.v4.widget.SlidingPaneLayout)
    89:89:static synthetic float access$300(android.support.v4.widget.SlidingPaneLayout)
    89:89:static synthetic android.view.View access$400(android.support.v4.widget.SlidingPaneLayout)
    89:89:static synthetic boolean access$502(android.support.v4.widget.SlidingPaneLayout,boolean)
    89:89:static synthetic void access$600(android.support.v4.widget.SlidingPaneLayout,int)
android.support.v4.widget.SlidingPaneLayout$AccessibilityDelegate
android.support.v4.widget.SlidingPaneLayout$DragHelperCallback
android.support.v4.widget.SlidingPaneLayout$LayoutParams:
    1420:1421:public SlidingPaneLayout$LayoutParams(int,int)
    1432:1434:public SlidingPaneLayout$LayoutParams(android.support.v4.widget.SlidingPaneLayout$LayoutParams)
android.support.v4.widget.SlidingPaneLayout$PanelSlideListener:
    public abstract void onPanelSlide(android.view.View,float)
    public abstract void onPanelOpened(android.view.View)
    public abstract void onPanelClosed(android.view.View)
android.support.v4.widget.SlidingPaneLayout$SimplePanelSlideListener
android.support.v4.widget.SwipeProgressBar
android.support.v4.widget.SwipeRefreshLayout
android.support.v4.widget.SwipeRefreshLayout$1
android.support.v4.widget.SwipeRefreshLayout$2
android.support.v4.widget.SwipeRefreshLayout$3
android.support.v4.widget.SwipeRefreshLayout$4
android.support.v4.widget.SwipeRefreshLayout$5
android.support.v4.widget.SwipeRefreshLayout$6
android.support.v4.widget.SwipeRefreshLayout$7
android.support.v4.widget.SwipeRefreshLayout$8
android.support.v4.widget.SwipeRefreshLayout$OnRefreshListener